Using pre-set license
Built from '2020.3/release' branch; Version is '2020.3.1f1 (77a89f25062f) revision 7841951'; Using compiler version '192528614'; Build Type 'Release'
OS: 'Windows 10 Home; OS build 19042.1237; Version 2009; 64bit' Language: 'en' Physical Memory: 7880 MB
BatchMode: 1, IsHumanControllingUs: 0, StartBugReporterOnCrash: 0, Is64bit: 1, IsPro: 0

 COMMAND LINE ARGUMENTS:
C:\Program Files\Unity\Hub\Editor\2020.3.1f1\Editor\Unity.exe
-adb2
-batchMode
-noUpm
-name
AssetImportWorker0
-projectPath
C:/Users/mitch/OneDrive/Documents/GitHub/GameJamFall2021
-logFile
Logs/AssetImportWorker0.log
-srvPort
61527
Successfully changed project path to: C:/Users/mitch/OneDrive/Documents/GitHub/GameJamFall2021
C:/Users/mitch/OneDrive/Documents/GitHub/GameJamFall2021
Using Asset Import Pipeline V2.
Refreshing native plugins compatible for Editor in 125.03 ms, found 1 plugins.
Preloading 0 native plugins for Editor in 0.00 ms.
Initialize engine version: 2020.3.1f1 (77a89f25062f)
[Subsystems] Discovering subsystems at path C:/Program Files/Unity/Hub/Editor/2020.3.1f1/Editor/Data/Resources/UnitySubsystems
[Subsystems] Discovering subsystems at path C:/Users/mitch/OneDrive/Documents/GitHub/GameJamFall2021/Assets
GfxDevice: creating device client; threaded=0
Direct3D:
    Version:  Direct3D 11.0 [level 11.1]
    Renderer: Intel(R) Iris(R) Plus Graphics (ID=0x8a52)
    Vendor:   
    VRAM:     3940 MB
    Driver:   26.20.100.7926
Shader 'Universal Render Pipeline/Particles/Lit': fallback shader 'Universal Render Pipeline/Particles/SimpleLit' not found
Initialize mono
Mono path[0] = 'C:/Program Files/Unity/Hub/Editor/2020.3.1f1/Editor/Data/Managed'
Mono path[1] = 'C:/Program Files/Unity/Hub/Editor/2020.3.1f1/Editor/Data/MonoBleedingEdge/lib/mono/unityjit'
Mono config path = 'C:/Program Files/Unity/Hub/Editor/2020.3.1f1/Editor/Data/MonoBleedingEdge/etc'
Using monoOptions --debugger-agent=transport=dt_socket,embedding=1,server=y,suspend=n,address=127.0.0.1:56540
Begin MonoManager ReloadAssembly
Registering precompiled unity dll's ...
Register platform support module: C:/Program Files/Unity/Hub/Editor/2020.3.1f1/Editor/Data/PlaybackEngines/WindowsStandaloneSupport/UnityEditor.WindowsStandalone.Extensions.dll
Registered in 0.007607 seconds.
Native extension for WindowsStandalone target not found
Refreshing native plugins compatible for Editor in 139.14 ms, found 1 plugins.
Preloading 0 native plugins for Editor in 0.00 ms.
Invoked RoslynAnalysisRunner static constructor.
RoslynAnalysisRunner will not be running.
RoslynAnalysisRunner has terminated.
Mono: successfully reloaded assembly
- Completed reload, in  3.828 seconds
Platform modules already initialized, skipping
Registering precompiled user dll's ...
Registered in 0.006965 seconds.
Begin MonoManager ReloadAssembly
Native extension for WindowsStandalone target not found
Refreshing native plugins compatible for Editor in 124.65 ms, found 1 plugins.
Preloading 0 native plugins for Editor in 0.00 ms.
Invoked RoslynAnalysisRunner static constructor.
RoslynAnalysisRunner will not be running.
RoslynAnalysisRunner has terminated.
Mono: successfully reloaded assembly
- Completed reload, in  2.302 seconds
Platform modules already initialized, skipping
========================================================================
Worker process is ready to serve import requests
Shader 'Universal Render Pipeline/Particles/Lit': fallback shader 'Universal Render Pipeline/Particles/SimpleLit' not found
Launched and connected shader compiler UnityShaderCompiler.exe after 0.12 seconds
Refreshing native plugins compatible for Editor in 1.19 ms, found 1 plugins.
Preloading 0 native plugins for Editor in 0.00 ms.
Unloading 2930 Unused Serialized files (Serialized files now loaded: 0)
System memory in use before: 126.2 MB.
System memory in use after: 126.4 MB.

Unloading 20 unused Assets to reduce memory usage. Loaded Objects now: 3378.
Total: 4.678300 ms (FindLiveObjects: 0.635200 ms CreateObjectMapping: 0.298000 ms MarkObjects: 3.552900 ms  DeleteObjects: 0.189600 ms)

========================================================================
Received Import Request.
  path: Assets
  artifactKey: Guid(00000000000000001000000000000000) Importer(815301076,1909f56bfc062723c751e8b465ee728b)
Start importing Assets using Guid(00000000000000001000000000000000) Importer(815301076,1909f56bfc062723c751e8b465ee728b)  -> (artifact id: 'a6374019befeac6ce670f13ba9960efb') in 0.024872 seconds
  Import took 0.034014 seconds .

========================================================================
Received Import Request.
  Time since last request: 12.165496 seconds.
  path: Assets/Prefabs
  artifactKey: Guid(42564f898f57e284798c1a3514be61e9) Importer(815301076,1909f56bfc062723c751e8b465ee728b)
Start importing Assets/Prefabs using Guid(42564f898f57e284798c1a3514be61e9) Importer(815301076,1909f56bfc062723c751e8b465ee728b)  -> (artifact id: '67b4117552143c3c62a9c98e0d09a589') in 0.022415 seconds
  Import took 0.037462 seconds .

========================================================================
Received Import Request.
  Time since last request: 69.452835 seconds.
  path: Assets/Prefabs/Player.prefab
  artifactKey: Guid(e86e7f7879788554cad5e9ceda9fb27e) Importer(815301076,1909f56bfc062723c751e8b465ee728b)
Start importing Assets/Prefabs/Player.prefab using Guid(e86e7f7879788554cad5e9ceda9fb27e) Importer(815301076,1909f56bfc062723c751e8b465ee728b)  -> (artifact id: '49a421fa71e3d1977104c01b85ad401c') in 0.261855 seconds
  Import took 0.274242 seconds .

========================================================================
Received Import Request.
  Time since last request: 146.921609 seconds.
  path: Assets/Scripts/CharacterController.cs
  artifactKey: Guid(fdbbb49037178c84f92fe4cb51d7fe03) Importer(815301076,1909f56bfc062723c751e8b465ee728b)
Start importing Assets/Scripts/CharacterController.cs using Guid(fdbbb49037178c84f92fe4cb51d7fe03) Importer(815301076,1909f56bfc062723c751e8b465ee728b)  -> (artifact id: '8a4728625e7eba9f054484e5ea4f8ad9') in 0.065266 seconds
  Import took 0.080695 seconds .

========================================================================
Received Import Request.
  Time since last request: 28.541450 seconds.
  path: Assets/Scripts/CharacterMovement.cs
  artifactKey: Guid(fdbbb49037178c84f92fe4cb51d7fe03) Importer(815301076,1909f56bfc062723c751e8b465ee728b)
Start importing Assets/Scripts/CharacterMovement.cs using Guid(fdbbb49037178c84f92fe4cb51d7fe03) Importer(815301076,1909f56bfc062723c751e8b465ee728b)  -> (artifact id: '735c388335938754e0365e0cf51204f0') in 0.029520 seconds
  Import took 0.043953 seconds .

========================================================================
Received Prepare
Registering precompiled user dll's ...
Registered in 0.004694 seconds.
Begin MonoManager ReloadAssembly
Native extension for WindowsStandalone target not found
Refreshing native plugins compatible for Editor in 0.84 ms, found 1 plugins.
Preloading 0 native plugins for Editor in 0.00 ms.
Invoked RoslynAnalysisRunner static constructor.
RoslynAnalysisRunner will not be running.
RoslynAnalysisRunner has terminated.
Mono: successfully reloaded assembly
- Completed reload, in  2.119 seconds
Platform modules already initialized, skipping
Shader 'Universal Render Pipeline/Particles/Lit': fallback shader 'Universal Render Pipeline/Particles/SimpleLit' not found
Refreshing native plugins compatible for Editor in 1.40 ms, found 1 plugins.
Preloading 0 native plugins for Editor in 0.00 ms.
Unloading 2852 Unused Serialized files (Serialized files now loaded: 0)
System memory in use before: 123.5 MB.
System memory in use after: 123.7 MB.

Unloading 8 unused Assets to reduce memory usage. Loaded Objects now: 3389.
Total: 4.473500 ms (FindLiveObjects: 0.481800 ms CreateObjectMapping: 0.180800 ms MarkObjects: 3.770500 ms  DeleteObjects: 0.038300 ms)

========================================================================
Received Import Request.
  Time since last request: 53.564606 seconds.
  path: Assets/Scripts/AudioManager.cs
  artifactKey: Guid(f33bd6a1cc167434bbc88f4d7ebb5e45) Importer(815301076,1909f56bfc062723c751e8b465ee728b)
Start importing Assets/Scripts/AudioManager.cs using Guid(f33bd6a1cc167434bbc88f4d7ebb5e45) Importer(815301076,1909f56bfc062723c751e8b465ee728b)  -> (artifact id: '313730eba536f9c9ecda64af62903012') in 0.031637 seconds
  Import took 0.041949 seconds .

========================================================================
Received Import Request.
  Time since last request: 0.363689 seconds.
  path: Assets/Scripts/CameraFollow.cs
  artifactKey: Guid(35e030b3089d18041bd6c53c789f4b60) Importer(815301076,1909f56bfc062723c751e8b465ee728b)
Start importing Assets/Scripts/CameraFollow.cs using Guid(35e030b3089d18041bd6c53c789f4b60) Importer(815301076,1909f56bfc062723c751e8b465ee728b)  -> (artifact id: 'd30ee205af3931e23e7dca56c93a405b') in 0.025957 seconds
  Import took 0.040432 seconds .

========================================================================
Received Import Request.
  Time since last request: 0.001000 seconds.
  path: Assets/Scripts/CameraFollow.cs
  artifactKey: Guid(35e030b3089d18041bd6c53c789f4b60) Importer(815301076,1909f56bfc062723c751e8b465ee728b)
Start importing Assets/Scripts/CameraFollow.cs using Guid(35e030b3089d18041bd6c53c789f4b60) Importer(815301076,1909f56bfc062723c751e8b465ee728b)  -> (artifact id: 'd30ee205af3931e23e7dca56c93a405b') in 0.011866 seconds
  Import took 0.023171 seconds .

========================================================================
Received Import Request.
  Time since last request: 4.947522 seconds.
  path: Assets/Scripts/NameDisplay.cs
  artifactKey: Guid(c9c345f6bb0f5234da706eefe1ab0b5c) Importer(815301076,1909f56bfc062723c751e8b465ee728b)
Start importing Assets/Scripts/NameDisplay.cs using Guid(c9c345f6bb0f5234da706eefe1ab0b5c) Importer(815301076,1909f56bfc062723c751e8b465ee728b)  -> (artifact id: 'b88385d6eadeb979e22549374cc5ae98') in 0.026494 seconds
  Import took 0.037727 seconds .

========================================================================
Received Import Request.
  Time since last request: 0.003486 seconds.
  path: Assets/Scripts/NameDisplay.cs
  artifactKey: Guid(c9c345f6bb0f5234da706eefe1ab0b5c) Importer(815301076,1909f56bfc062723c751e8b465ee728b)
Start importing Assets/Scripts/NameDisplay.cs using Guid(c9c345f6bb0f5234da706eefe1ab0b5c) Importer(815301076,1909f56bfc062723c751e8b465ee728b)  -> (artifact id: 'b88385d6eadeb979e22549374cc5ae98') in 0.012405 seconds
  Import took 0.026495 seconds .

========================================================================
Received Import Request.
  Time since last request: 0.797950 seconds.
  path: Assets/Scripts/TagHelper.cs
  artifactKey: Guid(de550b1a53d14ea4c895db6de4272a20) Importer(815301076,1909f56bfc062723c751e8b465ee728b)
Start importing Assets/Scripts/TagHelper.cs using Guid(de550b1a53d14ea4c895db6de4272a20) Importer(815301076,1909f56bfc062723c751e8b465ee728b)  -> (artifact id: '4286ca0c0ce64363ae027771da2e5c80') in 0.026213 seconds
  Import took 0.036912 seconds .

========================================================================
Received Prepare
Shader 'Universal Render Pipeline/Particles/Lit': fallback shader 'Universal Render Pipeline/Particles/SimpleLit' not found
Refreshing native plugins compatible for Editor in 8.78 ms, found 1 plugins.
Preloading 0 native plugins for Editor in 0.00 ms.
Unloading 55 Unused Serialized files (Serialized files now loaded: 0)
System memory in use before: 71.9 MB.
System memory in use after: 72.2 MB.

Unloading 6 unused Assets to reduce memory usage. Loaded Objects now: 3438.
Total: 5.591200 ms (FindLiveObjects: 0.429100 ms CreateObjectMapping: 0.186500 ms MarkObjects: 4.935100 ms  DeleteObjects: 0.037800 ms)

========================================================================
Received Import Request.
  Time since last request: 144.049018 seconds.
  path: Assets/Renderer/2DRenderer.asset
  artifactKey: Guid(403b98aa426cf0245b7e00e0e14edfc0) Importer(815301076,1909f56bfc062723c751e8b465ee728b)
Start importing Assets/Renderer/2DRenderer.asset using Guid(403b98aa426cf0245b7e00e0e14edfc0) Importer(815301076,1909f56bfc062723c751e8b465ee728b)  -> (artifact id: '5787d29f07d69793a60aa5f842ab7397') in 0.044696 seconds
  Import took 0.055279 seconds .

========================================================================
Received Import Request.
  Time since last request: 0.000454 seconds.
  path: Assets/Renderer/URP.asset
  artifactKey: Guid(b690fe5b0de65ae4290ba2d17ac118b6) Importer(815301076,1909f56bfc062723c751e8b465ee728b)
Start importing Assets/Renderer/URP.asset using Guid(b690fe5b0de65ae4290ba2d17ac118b6) Importer(815301076,1909f56bfc062723c751e8b465ee728b)  -> (artifact id: '0865d7bd7dfdc9fa1610b7a9004036de') in 0.020684 seconds
  Import took 0.032281 seconds .

========================================================================
Received Import Request.
  Time since last request: 2.256600 seconds.
  path: Assets/Renderer
  artifactKey: Guid(a4d25408cbbc78f4788e5d38abe54e8f) Importer(815301076,1909f56bfc062723c751e8b465ee728b)
Start importing Assets/Renderer using Guid(a4d25408cbbc78f4788e5d38abe54e8f) Importer(815301076,1909f56bfc062723c751e8b465ee728b)  -> (artifact id: 'f018e7523e40b6b30843a387873a6e07') in 0.019441 seconds
  Import took 0.031919 seconds .

========================================================================
Received Prepare
Registering precompiled user dll's ...
Registered in 0.005102 seconds.
Begin MonoManager ReloadAssembly
Native extension for WindowsStandalone target not found
Refreshing native plugins compatible for Editor in 0.88 ms, found 1 plugins.
Preloading 0 native plugins for Editor in 0.00 ms.
Invoked RoslynAnalysisRunner static constructor.
RoslynAnalysisRunner will not be running.
RoslynAnalysisRunner has terminated.
Mono: successfully reloaded assembly
- Completed reload, in  2.067 seconds
Platform modules already initialized, skipping
Shader 'Universal Render Pipeline/Particles/Lit': fallback shader 'Universal Render Pipeline/Particles/SimpleLit' not found
Refreshing native plugins compatible for Editor in 0.92 ms, found 1 plugins.
Preloading 0 native plugins for Editor in 0.00 ms.
Unloading 2854 Unused Serialized files (Serialized files now loaded: 0)
System memory in use before: 126.7 MB.
System memory in use after: 126.9 MB.

Unloading 8 unused Assets to reduce memory usage. Loaded Objects now: 3444.
Total: 4.713800 ms (FindLiveObjects: 0.732500 ms CreateObjectMapping: 0.197700 ms MarkObjects: 3.721800 ms  DeleteObjects: 0.057600 ms)

========================================================================
Received Import Request.
  Time since last request: 119.493183 seconds.
  path: Assets/Scripts/NameDisplay.cs
  artifactKey: Guid(c9c345f6bb0f5234da706eefe1ab0b5c) Importer(815301076,1909f56bfc062723c751e8b465ee728b)
Start importing Assets/Scripts/NameDisplay.cs using Guid(c9c345f6bb0f5234da706eefe1ab0b5c) Importer(815301076,1909f56bfc062723c751e8b465ee728b)  -> (artifact id: 'b438e212c561a03da0a36a91f0ec38e9') in 0.023784 seconds
  Import took 0.036229 seconds .

========================================================================
Received Import Request.
  Time since last request: 0.001012 seconds.
  path: Assets/Scripts/NameDisplay.cs
  artifactKey: Guid(c9c345f6bb0f5234da706eefe1ab0b5c) Importer(815301076,1909f56bfc062723c751e8b465ee728b)
Start importing Assets/Scripts/NameDisplay.cs using Guid(c9c345f6bb0f5234da706eefe1ab0b5c) Importer(815301076,1909f56bfc062723c751e8b465ee728b)  -> (artifact id: 'b438e212c561a03da0a36a91f0ec38e9') in 0.007419 seconds
  Import took 0.018830 seconds .

========================================================================
Received Import Request.
  Time since last request: 6.227896 seconds.
  path: Assets/Scripts/ClickController.cs
  artifactKey: Guid(c9c345f6bb0f5234da706eefe1ab0b5c) Importer(815301076,1909f56bfc062723c751e8b465ee728b)
Start importing Assets/Scripts/ClickController.cs using Guid(c9c345f6bb0f5234da706eefe1ab0b5c) Importer(815301076,1909f56bfc062723c751e8b465ee728b)  -> (artifact id: '197eb7d0448dfa30867c8b9431153d12') in 0.026205 seconds
  Import took 0.043384 seconds .

========================================================================
Received Prepare
Registering precompiled user dll's ...
Registered in 0.005584 seconds.
Begin MonoManager ReloadAssembly
Native extension for WindowsStandalone target not found
Refreshing native plugins compatible for Editor in 1.06 ms, found 1 plugins.
Preloading 0 native plugins for Editor in 0.00 ms.
Invoked RoslynAnalysisRunner static constructor.
RoslynAnalysisRunner will not be running.
RoslynAnalysisRunner has terminated.
Mono: successfully reloaded assembly
- Completed reload, in  2.400 seconds
Platform modules already initialized, skipping
Shader 'Universal Render Pipeline/Particles/Lit': fallback shader 'Universal Render Pipeline/Particles/SimpleLit' not found
Refreshing native plugins compatible for Editor in 0.83 ms, found 1 plugins.
Preloading 0 native plugins for Editor in 0.00 ms.
Unloading 2852 Unused Serialized files (Serialized files now loaded: 0)
System memory in use before: 126.6 MB.
System memory in use after: 126.9 MB.

Unloading 8 unused Assets to reduce memory usage. Loaded Objects now: 3448.
Total: 4.585100 ms (FindLiveObjects: 0.664700 ms CreateObjectMapping: 0.367600 ms MarkObjects: 3.519100 ms  DeleteObjects: 0.031800 ms)

========================================================================
Received Prepare
Registering precompiled user dll's ...
Registered in 0.003865 seconds.
Begin MonoManager ReloadAssembly
Native extension for WindowsStandalone target not found
Refreshing native plugins compatible for Editor in 1.00 ms, found 1 plugins.
Preloading 0 native plugins for Editor in 0.00 ms.
Invoked RoslynAnalysisRunner static constructor.
RoslynAnalysisRunner will not be running.
RoslynAnalysisRunner has terminated.
Mono: successfully reloaded assembly
- Completed reload, in  2.253 seconds
Platform modules already initialized, skipping
Shader 'Universal Render Pipeline/Particles/Lit': fallback shader 'Universal Render Pipeline/Particles/SimpleLit' not found
Refreshing native plugins compatible for Editor in 1.05 ms, found 1 plugins.
Preloading 0 native plugins for Editor in 0.00 ms.
Unloading 2852 Unused Serialized files (Serialized files now loaded: 0)
System memory in use before: 126.7 MB.
System memory in use after: 126.9 MB.

Unloading 8 unused Assets to reduce memory usage. Loaded Objects now: 3452.
Total: 4.613300 ms (FindLiveObjects: 0.377200 ms CreateObjectMapping: 0.178700 ms MarkObjects: 4.013200 ms  DeleteObjects: 0.041600 ms)

========================================================================
Received Prepare
Registering precompiled user dll's ...
Registered in 0.003314 seconds.
Begin MonoManager ReloadAssembly
Native extension for WindowsStandalone target not found
Refreshing native plugins compatible for Editor in 0.79 ms, found 1 plugins.
Preloading 0 native plugins for Editor in 0.00 ms.
Invoked RoslynAnalysisRunner static constructor.
RoslynAnalysisRunner will not be running.
RoslynAnalysisRunner has terminated.
Mono: successfully reloaded assembly
- Completed reload, in  2.032 seconds
Platform modules already initialized, skipping
Shader 'Universal Render Pipeline/Particles/Lit': fallback shader 'Universal Render Pipeline/Particles/SimpleLit' not found
Refreshing native plugins compatible for Editor in 0.94 ms, found 1 plugins.
Preloading 0 native plugins for Editor in 0.00 ms.
Unloading 2852 Unused Serialized files (Serialized files now loaded: 0)
System memory in use before: 126.7 MB.
System memory in use after: 126.9 MB.

Unloading 8 unused Assets to reduce memory usage. Loaded Objects now: 3456.
Total: 4.625000 ms (FindLiveObjects: 0.381500 ms CreateObjectMapping: 0.263300 ms MarkObjects: 3.945300 ms  DeleteObjects: 0.033000 ms)

========================================================================
Received Import Request.
  Time since last request: 101.980598 seconds.
  path: Assets/Art/TemporaryAssets/72-725744_stopwatch-icon-stop-watch-line-icon.psd
  artifactKey: Guid(4237627310cd90d4c89bec770534ba2b) Importer(815301076,1909f56bfc062723c751e8b465ee728b)
Start importing Assets/Art/TemporaryAssets/72-725744_stopwatch-icon-stop-watch-line-icon.psd using Guid(4237627310cd90d4c89bec770534ba2b) Importer(815301076,1909f56bfc062723c751e8b465ee728b)  -> (artifact id: '5459b95d2ed68136ad5eaa6c50057cad') in 0.183223 seconds
  Import took 0.196398 seconds .

========================================================================
Received Import Request.
  Time since last request: 0.000500 seconds.
  path: Assets/Art/TemporaryAssets/colored_forest.png
  artifactKey: Guid(555da95468cfeda4e803c4faf22fe0a6) Importer(815301076,1909f56bfc062723c751e8b465ee728b)
Start importing Assets/Art/TemporaryAssets/colored_forest.png using Guid(555da95468cfeda4e803c4faf22fe0a6) Importer(815301076,1909f56bfc062723c751e8b465ee728b)  -> (artifact id: '40a11db64cf581c3d46fb3312e1be5d4') in 0.169255 seconds
  Import took 0.180001 seconds .

========================================================================
Received Import Request.
  Time since last request: 0.000517 seconds.
  path: Assets/Art/TemporaryAssets/colored_talltrees.png
  artifactKey: Guid(429e65437d89ea7448b5fc55cf7c9418) Importer(815301076,1909f56bfc062723c751e8b465ee728b)
Start importing Assets/Art/TemporaryAssets/colored_talltrees.png using Guid(429e65437d89ea7448b5fc55cf7c9418) Importer(815301076,1909f56bfc062723c751e8b465ee728b)  -> (artifact id: 'a960a1134f28ff1edf483a8b0c1b933e') in 0.068574 seconds
  Import took 0.079623 seconds .

========================================================================
Received Import Request.
  Time since last request: 0.000389 seconds.
  path: Assets/Art/TemporaryAssets/tempPlayer.psd
  artifactKey: Guid(00351ca0751a45841b08ee56e9b33d2b) Importer(815301076,1909f56bfc062723c751e8b465ee728b)
Start importing Assets/Art/TemporaryAssets/tempPlayer.psd using Guid(00351ca0751a45841b08ee56e9b33d2b) Importer(815301076,1909f56bfc062723c751e8b465ee728b)  -> (artifact id: '11b00ebe740be38bc6d15733efd61a44') in 0.566015 seconds
  Import took 0.578080 seconds .

========================================================================
Received Import Request.
  Time since last request: 0.000491 seconds.
  path: Assets/Art/Shapes/Star.png
  artifactKey: Guid(a11b3c825086a7d4e828a9f79a2a79c2) Importer(815301076,1909f56bfc062723c751e8b465ee728b)
Start importing Assets/Art/Shapes/Star.png using Guid(a11b3c825086a7d4e828a9f79a2a79c2) Importer(815301076,1909f56bfc062723c751e8b465ee728b)  -> (artifact id: '062f6ec8d16c7158090ff5d6287d7c9d') in 0.057326 seconds
  Import took 0.067068 seconds .

========================================================================
Received Import Request.
  Time since last request: 0.000504 seconds.
  path: Assets/Art/Shapes/arrow_yellow.png
  artifactKey: Guid(fe0739dedefb4c14a9ae43674dcd48b9) Importer(815301076,1909f56bfc062723c751e8b465ee728b)
Start importing Assets/Art/Shapes/arrow_yellow.png using Guid(fe0739dedefb4c14a9ae43674dcd48b9) Importer(815301076,1909f56bfc062723c751e8b465ee728b)  -> (artifact id: '3056fa7fc03b6d4c5c5379aa12cd8e7f') in 0.049909 seconds
  Import took 0.061157 seconds .

========================================================================
Received Import Request.
  Time since last request: 0.000323 seconds.
  path: Assets/Art/Shapes/Circle.png
  artifactKey: Guid(b901bb7304ecb2040b251fe60509d074) Importer(815301076,1909f56bfc062723c751e8b465ee728b)
Start importing Assets/Art/Shapes/Circle.png using Guid(b901bb7304ecb2040b251fe60509d074) Importer(815301076,1909f56bfc062723c751e8b465ee728b)  -> (artifact id: 'b5bd91284ec8071e711b28eadfa96ec9') in 0.066871 seconds
  Import took 0.080520 seconds .

========================================================================
Received Import Request.
  Time since last request: 0.000389 seconds.
  path: Assets/Art/Shapes/Square.png
  artifactKey: Guid(ead1d33bb1f84b14cae6917b6c3f65dd) Importer(815301076,1909f56bfc062723c751e8b465ee728b)
Start importing Assets/Art/Shapes/Square.png using Guid(ead1d33bb1f84b14cae6917b6c3f65dd) Importer(815301076,1909f56bfc062723c751e8b465ee728b)  -> (artifact id: '5b660d0fde957d1819766798c5364f37') in 0.060600 seconds
  Import took 0.073040 seconds .

========================================================================
Received Import Request.
  Time since last request: 0.000439 seconds.
  path: Assets/Art/Shapes/Orb.png
  artifactKey: Guid(8ef781a749c65104983c77486b1a5705) Importer(815301076,1909f56bfc062723c751e8b465ee728b)
Start importing Assets/Art/Shapes/Orb.png using Guid(8ef781a749c65104983c77486b1a5705) Importer(815301076,1909f56bfc062723c751e8b465ee728b)  -> (artifact id: '4f1210f3ccec3036d0cbb61395129cec') in 0.060858 seconds
  Import took 0.071852 seconds .

========================================================================
Received Import Request.
  Time since last request: 0.000498 seconds.
  path: Assets/Art/Shapes/Glow.png
  artifactKey: Guid(9eef460f2b37d2b448c463d7155104f8) Importer(815301076,1909f56bfc062723c751e8b465ee728b)
Start importing Assets/Art/Shapes/Glow.png using Guid(9eef460f2b37d2b448c463d7155104f8) Importer(815301076,1909f56bfc062723c751e8b465ee728b)  -> (artifact id: '02268b9f100cc9f69f7f4dd38084aa5d') in 0.067793 seconds
  Import took 0.079160 seconds .

========================================================================
Received Import Request.
  Time since last request: 0.000456 seconds.
  path: Assets/Art/TemporaryAssets/uncolored_plain.png
  artifactKey: Guid(b90c7ffb9380b8f40ab9ebaf59f9f3df) Importer(815301076,1909f56bfc062723c751e8b465ee728b)
Start importing Assets/Art/TemporaryAssets/uncolored_plain.png using Guid(b90c7ffb9380b8f40ab9ebaf59f9f3df) Importer(815301076,1909f56bfc062723c751e8b465ee728b)  -> (artifact id: 'e29a40f3900ee2e776b72ec529107cb2') in 0.049490 seconds
  Import took 0.061697 seconds .

========================================================================
Received Prepare
Registering precompiled user dll's ...
Registered in 0.004071 seconds.
Begin MonoManager ReloadAssembly
Native extension for WindowsStandalone target not found
Refreshing native plugins compatible for Editor in 0.79 ms, found 1 plugins.
Preloading 0 native plugins for Editor in 0.00 ms.
Invoked RoslynAnalysisRunner static constructor.
RoslynAnalysisRunner will not be running.
RoslynAnalysisRunner has terminated.
Mono: successfully reloaded assembly
- Completed reload, in  2.178 seconds
Platform modules already initialized, skipping
Shader 'Universal Render Pipeline/Particles/Lit': fallback shader 'Universal Render Pipeline/Particles/SimpleLit' not found
Refreshing native plugins compatible for Editor in 0.83 ms, found 1 plugins.
Preloading 0 native plugins for Editor in 0.00 ms.
Unloading 2852 Unused Serialized files (Serialized files now loaded: 0)
System memory in use before: 127.0 MB.
System memory in use after: 127.3 MB.

Unloading 8 unused Assets to reduce memory usage. Loaded Objects now: 3656.
Total: 4.822400 ms (FindLiveObjects: 0.434100 ms CreateObjectMapping: 0.175300 ms MarkObjects: 4.174300 ms  DeleteObjects: 0.036700 ms)

========================================================================
Received Prepare
Registering precompiled user dll's ...
Registered in 0.004412 seconds.
Begin MonoManager ReloadAssembly
Native extension for WindowsStandalone target not found
Refreshing native plugins compatible for Editor in 0.89 ms, found 1 plugins.
Preloading 0 native plugins for Editor in 0.00 ms.
Invoked RoslynAnalysisRunner static constructor.
RoslynAnalysisRunner will not be running.
RoslynAnalysisRunner has terminated.
Mono: successfully reloaded assembly
- Completed reload, in  2.201 seconds
Platform modules already initialized, skipping
Shader 'Universal Render Pipeline/Particles/Lit': fallback shader 'Universal Render Pipeline/Particles/SimpleLit' not found
Refreshing native plugins compatible for Editor in 0.86 ms, found 1 plugins.
Preloading 0 native plugins for Editor in 0.00 ms.
Unloading 2852 Unused Serialized files (Serialized files now loaded: 0)
System memory in use before: 127.0 MB.
System memory in use after: 127.3 MB.

Unloading 8 unused Assets to reduce memory usage. Loaded Objects now: 3660.
Total: 5.444000 ms (FindLiveObjects: 0.488500 ms CreateObjectMapping: 0.295800 ms MarkObjects: 4.615300 ms  DeleteObjects: 0.041300 ms)

========================================================================
Received Prepare
Registering precompiled user dll's ...
Registered in 0.003297 seconds.
Begin MonoManager ReloadAssembly
Native extension for WindowsStandalone target not found
Refreshing native plugins compatible for Editor in 0.92 ms, found 1 plugins.
Preloading 0 native plugins for Editor in 0.00 ms.
Invoked RoslynAnalysisRunner static constructor.
RoslynAnalysisRunner will not be running.
RoslynAnalysisRunner has terminated.
Mono: successfully reloaded assembly
- Completed reload, in  2.282 seconds
Platform modules already initialized, skipping
Shader 'Universal Render Pipeline/Particles/Lit': fallback shader 'Universal Render Pipeline/Particles/SimpleLit' not found
Refreshing native plugins compatible for Editor in 0.93 ms, found 1 plugins.
Preloading 0 native plugins for Editor in 0.00 ms.
Unloading 2852 Unused Serialized files (Serialized files now loaded: 0)
System memory in use before: 127.0 MB.
System memory in use after: 127.3 MB.

Unloading 8 unused Assets to reduce memory usage. Loaded Objects now: 3664.
Total: 5.705600 ms (FindLiveObjects: 0.577900 ms CreateObjectMapping: 0.415600 ms MarkObjects: 4.623200 ms  DeleteObjects: 0.073500 ms)

========================================================================
Received Prepare
Registering precompiled user dll's ...
Registered in 0.003679 seconds.
Begin MonoManager ReloadAssembly
Native extension for WindowsStandalone target not found
Refreshing native plugins compatible for Editor in 1.18 ms, found 1 plugins.
Preloading 0 native plugins for Editor in 0.00 ms.
Invoked RoslynAnalysisRunner static constructor.
RoslynAnalysisRunner will not be running.
RoslynAnalysisRunner has terminated.
Mono: successfully reloaded assembly
- Completed reload, in  2.277 seconds
Platform modules already initialized, skipping
Shader 'Universal Render Pipeline/Particles/Lit': fallback shader 'Universal Render Pipeline/Particles/SimpleLit' not found
Refreshing native plugins compatible for Editor in 0.95 ms, found 1 plugins.
Preloading 0 native plugins for Editor in 0.00 ms.
Unloading 2852 Unused Serialized files (Serialized files now loaded: 0)
System memory in use before: 127.1 MB.
System memory in use after: 127.3 MB.

Unloading 8 unused Assets to reduce memory usage. Loaded Objects now: 3668.
Total: 4.852500 ms (FindLiveObjects: 0.444400 ms CreateObjectMapping: 0.192100 ms MarkObjects: 4.176200 ms  DeleteObjects: 0.036500 ms)

========================================================================
Received Prepare
Registering precompiled user dll's ...
Registered in 0.005380 seconds.
Begin MonoManager ReloadAssembly
Native extension for WindowsStandalone target not found
Refreshing native plugins compatible for Editor in 0.91 ms, found 1 plugins.
Preloading 0 native plugins for Editor in 0.00 ms.
Invoked RoslynAnalysisRunner static constructor.
RoslynAnalysisRunner will not be running.
RoslynAnalysisRunner has terminated.
Mono: successfully reloaded assembly
- Completed reload, in  1.982 seconds
Platform modules already initialized, skipping
Shader 'Universal Render Pipeline/Particles/Lit': fallback shader 'Universal Render Pipeline/Particles/SimpleLit' not found
Refreshing native plugins compatible for Editor in 0.99 ms, found 1 plugins.
Preloading 0 native plugins for Editor in 0.00 ms.
Unloading 2852 Unused Serialized files (Serialized files now loaded: 0)
System memory in use before: 127.1 MB.
System memory in use after: 127.3 MB.

Unloading 8 unused Assets to reduce memory usage. Loaded Objects now: 3672.
Total: 5.217200 ms (FindLiveObjects: 0.892400 ms CreateObjectMapping: 0.205600 ms MarkObjects: 4.083900 ms  DeleteObjects: 0.033000 ms)

========================================================================
Received Prepare
Registering precompiled user dll's ...
Registered in 0.004088 seconds.
Begin MonoManager ReloadAssembly
Native extension for WindowsStandalone target not found
Refreshing native plugins compatible for Editor in 0.89 ms, found 1 plugins.
Preloading 0 native plugins for Editor in 0.00 ms.
Invoked RoslynAnalysisRunner static constructor.
RoslynAnalysisRunner will not be running.
RoslynAnalysisRunner has terminated.
Mono: successfully reloaded assembly
- Completed reload, in  2.325 seconds
Platform modules already initialized, skipping
Shader 'Universal Render Pipeline/Particles/Lit': fallback shader 'Universal Render Pipeline/Particles/SimpleLit' not found
Refreshing native plugins compatible for Editor in 0.91 ms, found 1 plugins.
Preloading 0 native plugins for Editor in 0.00 ms.
Unloading 2852 Unused Serialized files (Serialized files now loaded: 0)
System memory in use before: 127.1 MB.
System memory in use after: 127.3 MB.

Unloading 8 unused Assets to reduce memory usage. Loaded Objects now: 3676.
Total: 5.870900 ms (FindLiveObjects: 0.913300 ms CreateObjectMapping: 0.357800 ms MarkObjects: 4.547100 ms  DeleteObjects: 0.049000 ms)

========================================================================
Received Prepare
Registering precompiled user dll's ...
Registered in 0.005302 seconds.
Begin MonoManager ReloadAssembly
Native extension for WindowsStandalone target not found
Refreshing native plugins compatible for Editor in 1.09 ms, found 1 plugins.
Preloading 0 native plugins for Editor in 0.00 ms.
Invoked RoslynAnalysisRunner static constructor.
RoslynAnalysisRunner will not be running.
RoslynAnalysisRunner has terminated.
Mono: successfully reloaded assembly
- Completed reload, in  1.986 seconds
Platform modules already initialized, skipping
Shader 'Universal Render Pipeline/Particles/Lit': fallback shader 'Universal Render Pipeline/Particles/SimpleLit' not found
Refreshing native plugins compatible for Editor in 0.88 ms, found 1 plugins.
Preloading 0 native plugins for Editor in 0.00 ms.
Unloading 2852 Unused Serialized files (Serialized files now loaded: 0)
System memory in use before: 127.1 MB.
System memory in use after: 127.3 MB.

Unloading 8 unused Assets to reduce memory usage. Loaded Objects now: 3680.
Total: 4.707700 ms (FindLiveObjects: 0.581100 ms CreateObjectMapping: 0.384400 ms MarkObjects: 3.678500 ms  DeleteObjects: 0.062000 ms)

========================================================================
Received Import Request.
  Time since last request: 350.925551 seconds.
  path: Assets/Materials
  artifactKey: Guid(cf2276540b695074cae41c1eca035c2f) Importer(815301076,1909f56bfc062723c751e8b465ee728b)
Start importing Assets/Materials using Guid(cf2276540b695074cae41c1eca035c2f) Importer(815301076,1909f56bfc062723c751e8b465ee728b)  -> (artifact id: '05681557b8ad48cd3561b7d3964c4420') in 0.021042 seconds
  Import took 0.032406 seconds .

========================================================================
Received Import Request.
  Time since last request: 10.380741 seconds.
  path: Assets/Materials/Frictionless.physicsMaterial2D
  artifactKey: Guid(e8c58b2afb761cd48adaf3cd191b9450) Importer(815301076,1909f56bfc062723c751e8b465ee728b)
Start importing Assets/Materials/Frictionless.physicsMaterial2D using Guid(e8c58b2afb761cd48adaf3cd191b9450) Importer(815301076,1909f56bfc062723c751e8b465ee728b)  -> (artifact id: 'd2c45701f16af3df5bc799c1fdd4c4d1') in 0.043319 seconds
  Import took 0.054863 seconds .

========================================================================
Received Import Request.
  Time since last request: 4.884572 seconds.
  path: Assets/Prefabs/Player.prefab
  artifactKey: Guid(e86e7f7879788554cad5e9ceda9fb27e) Importer(815301076,1909f56bfc062723c751e8b465ee728b)
Start importing Assets/Prefabs/Player.prefab using Guid(e86e7f7879788554cad5e9ceda9fb27e) Importer(815301076,1909f56bfc062723c751e8b465ee728b)  -> (artifact id: '3977c1454f459d7f2ee6154993ad7453') in 0.528074 seconds
  Import took 0.542396 seconds .

========================================================================
Received Import Request.
  Time since last request: 0.012617 seconds.
  path: Assets/Prefabs/Player.prefab
  artifactKey: Guid(e86e7f7879788554cad5e9ceda9fb27e) Importer(815301076,1909f56bfc062723c751e8b465ee728b)
Start importing Assets/Prefabs/Player.prefab using Guid(e86e7f7879788554cad5e9ceda9fb27e) Importer(815301076,1909f56bfc062723c751e8b465ee728b)  -> (artifact id: '3977c1454f459d7f2ee6154993ad7453') in 0.037669 seconds
  Import took 0.051046 seconds .

========================================================================
Received Import Request.
  Time since last request: 8.249505 seconds.
  path: Assets/Prefabs/Player.prefab
  artifactKey: Guid(e86e7f7879788554cad5e9ceda9fb27e) Importer(815301076,1909f56bfc062723c751e8b465ee728b)
Start importing Assets/Prefabs/Player.prefab using Guid(e86e7f7879788554cad5e9ceda9fb27e) Importer(815301076,1909f56bfc062723c751e8b465ee728b)  -> (artifact id: 'b503dfe628f525375081648775ccdf09') in 0.034495 seconds
  Import took 0.045635 seconds .

========================================================================
Received Prepare
Registering precompiled user dll's ...
Registered in 0.003494 seconds.
Begin MonoManager ReloadAssembly
Native extension for WindowsStandalone target not found
Refreshing native plugins compatible for Editor in 0.86 ms, found 1 plugins.
Preloading 0 native plugins for Editor in 0.00 ms.
Invoked RoslynAnalysisRunner static constructor.
RoslynAnalysisRunner will not be running.
RoslynAnalysisRunner has terminated.
Mono: successfully reloaded assembly
- Completed reload, in  2.425 seconds
Platform modules already initialized, skipping
Shader 'Universal Render Pipeline/Particles/Lit': fallback shader 'Universal Render Pipeline/Particles/SimpleLit' not found
Refreshing native plugins compatible for Editor in 0.84 ms, found 1 plugins.
Preloading 0 native plugins for Editor in 0.00 ms.
Unloading 2852 Unused Serialized files (Serialized files now loaded: 0)
System memory in use before: 129.2 MB.
System memory in use after: 129.5 MB.

Unloading 8 unused Assets to reduce memory usage. Loaded Objects now: 3723.
Total: 4.920800 ms (FindLiveObjects: 0.393200 ms CreateObjectMapping: 0.190900 ms MarkObjects: 4.297800 ms  DeleteObjects: 0.036300 ms)

========================================================================
Received Prepare
Registering precompiled user dll's ...
Registered in 0.003760 seconds.
Begin MonoManager ReloadAssembly
Native extension for WindowsStandalone target not found
Refreshing native plugins compatible for Editor in 1.16 ms, found 1 plugins.
Preloading 0 native plugins for Editor in 0.00 ms.
Invoked RoslynAnalysisRunner static constructor.
RoslynAnalysisRunner will not be running.
RoslynAnalysisRunner has terminated.
Mono: successfully reloaded assembly
- Completed reload, in  2.268 seconds
Platform modules already initialized, skipping
Shader 'Universal Render Pipeline/Particles/Lit': fallback shader 'Universal Render Pipeline/Particles/SimpleLit' not found
Refreshing native plugins compatible for Editor in 1.29 ms, found 1 plugins.
Preloading 0 native plugins for Editor in 0.00 ms.
Unloading 2852 Unused Serialized files (Serialized files now loaded: 0)
System memory in use before: 129.2 MB.
System memory in use after: 129.5 MB.

Unloading 8 unused Assets to reduce memory usage. Loaded Objects now: 3727.
Total: 4.300600 ms (FindLiveObjects: 0.449000 ms CreateObjectMapping: 0.214000 ms MarkObjects: 3.601600 ms  DeleteObjects: 0.033600 ms)

========================================================================
Received Import Request.
  Time since last request: 203.217889 seconds.
  path: Assets/Animation/Player.controller
  artifactKey: Guid(96d073acbf10afd4a8c3e64b51570531) Importer(815301076,1909f56bfc062723c751e8b465ee728b)
Start importing Assets/Animation/Player.controller using Guid(96d073acbf10afd4a8c3e64b51570531) Importer(815301076,1909f56bfc062723c751e8b465ee728b)  -> (artifact id: 'b6ea138d7c186e5198ebe3e423235b0b') in 0.047051 seconds
  Import took 0.063715 seconds .

========================================================================
Received Import Request.
  Time since last request: 28.390676 seconds.
  path: Assets/Art/SpriteSheets/SpriteSheets/idle future sheet.png
  artifactKey: Guid(06ace0de00a3f204f839f2e83dab0a01) Importer(815301076,1909f56bfc062723c751e8b465ee728b)
Start importing Assets/Art/SpriteSheets/SpriteSheets/idle future sheet.png using Guid(06ace0de00a3f204f839f2e83dab0a01) Importer(815301076,1909f56bfc062723c751e8b465ee728b)  -> (artifact id: '5abdae0c3d71cea2a9fa0b00f85f6430') in 0.121435 seconds
  Import took 0.132692 seconds .

========================================================================
Received Import Request.
  Time since last request: 0.833440 seconds.
  path: Assets/Art/SpriteSheets/SpriteSheets/idle present sheet color.png
  artifactKey: Guid(d0c685aaebb0ba2429a14b652f81590d) Importer(815301076,1909f56bfc062723c751e8b465ee728b)
Start importing Assets/Art/SpriteSheets/SpriteSheets/idle present sheet color.png using Guid(d0c685aaebb0ba2429a14b652f81590d) Importer(815301076,1909f56bfc062723c751e8b465ee728b)  -> (artifact id: '9ff93527e2135ea41e11ae202c0af5c8') in 0.040515 seconds
  Import took 0.053229 seconds .

========================================================================
Received Import Request.
  Time since last request: 0.000624 seconds.
  path: Assets/Art/SpriteSheets/SpriteSheets/idle present sheet color.png
  artifactKey: Guid(d0c685aaebb0ba2429a14b652f81590d) Importer(815301076,1909f56bfc062723c751e8b465ee728b)
Start importing Assets/Art/SpriteSheets/SpriteSheets/idle present sheet color.png using Guid(d0c685aaebb0ba2429a14b652f81590d) Importer(815301076,1909f56bfc062723c751e8b465ee728b)  -> (artifact id: '9ff93527e2135ea41e11ae202c0af5c8') in 0.051541 seconds
  Import took 0.067861 seconds .

========================================================================
Received Import Request.
  Time since last request: 0.579068 seconds.
  path: Assets/Art/SpriteSheets/SpriteSheets/idle_present_sheet.png
  artifactKey: Guid(e737b77e8dee51e459d8453e9074d183) Importer(815301076,1909f56bfc062723c751e8b465ee728b)
Start importing Assets/Art/SpriteSheets/SpriteSheets/idle_present_sheet.png using Guid(e737b77e8dee51e459d8453e9074d183) Importer(815301076,1909f56bfc062723c751e8b465ee728b)  -> (artifact id: 'ff4b6bb6c5e75a76b7e592907ede4cbf') in 0.080726 seconds
  Import took 0.094035 seconds .

========================================================================
Received Import Request.
  Time since last request: 0.704104 seconds.
  path: Assets/Art/SpriteSheets/SpriteSheets/idle_present_sheet_canvas2res128.png
  artifactKey: Guid(49d9d87f469346f4f9d17d818c7e7826) Importer(815301076,1909f56bfc062723c751e8b465ee728b)
Start importing Assets/Art/SpriteSheets/SpriteSheets/idle_present_sheet_canvas2res128.png using Guid(49d9d87f469346f4f9d17d818c7e7826) Importer(815301076,1909f56bfc062723c751e8b465ee728b)  -> (artifact id: 'b056c4071f6b65f07829fafb1090c89d') in 0.062190 seconds
  Import took 0.075573 seconds .

========================================================================
Received Import Request.
  Time since last request: 30.205646 seconds.
  path: Assets/Art/SpriteSheets/SpriteSheets/idle_sprite_sheet_canvas2res128.png
  artifactKey: Guid(20758fc1e7ddab24484c2d4f0c6d2785) Importer(815301076,1909f56bfc062723c751e8b465ee728b)
Start importing Assets/Art/SpriteSheets/SpriteSheets/idle_sprite_sheet_canvas2res128.png using Guid(20758fc1e7ddab24484c2d4f0c6d2785) Importer(815301076,1909f56bfc062723c751e8b465ee728b)  -> (artifact id: '66eeb5cd95471a6a2c5bdc0258c0c9fd') in 0.069574 seconds
  Import took 0.082401 seconds .

========================================================================
Received Prepare
Registering precompiled user dll's ...
Registered in 0.003756 seconds.
Begin MonoManager ReloadAssembly
Native extension for WindowsStandalone target not found
Refreshing native plugins compatible for Editor in 1.15 ms, found 1 plugins.
Preloading 0 native plugins for Editor in 0.00 ms.
Invoked RoslynAnalysisRunner static constructor.
RoslynAnalysisRunner will not be running.
RoslynAnalysisRunner has terminated.
Mono: successfully reloaded assembly
- Completed reload, in  2.087 seconds
Platform modules already initialized, skipping
Shader 'Universal Render Pipeline/Particles/Lit': fallback shader 'Universal Render Pipeline/Particles/SimpleLit' not found
Refreshing native plugins compatible for Editor in 0.83 ms, found 1 plugins.
Preloading 0 native plugins for Editor in 0.00 ms.
Unloading 2852 Unused Serialized files (Serialized files now loaded: 0)
System memory in use before: 129.3 MB.
System memory in use after: 129.5 MB.

Unloading 8 unused Assets to reduce memory usage. Loaded Objects now: 3743.
Total: 4.841600 ms (FindLiveObjects: 0.518600 ms CreateObjectMapping: 0.203000 ms MarkObjects: 4.068900 ms  DeleteObjects: 0.048700 ms)

========================================================================
Received Import Request.
  Time since last request: 54.253754 seconds.
  path: Assets/Art/SpriteSheets/SpriteSheets/idle_future_sheet.png
  artifactKey: Guid(49d9d87f469346f4f9d17d818c7e7826) Importer(815301076,1909f56bfc062723c751e8b465ee728b)
Start importing Assets/Art/SpriteSheets/SpriteSheets/idle_future_sheet.png using Guid(49d9d87f469346f4f9d17d818c7e7826) Importer(815301076,1909f56bfc062723c751e8b465ee728b)  -> (artifact id: 'cae5b7b55ce93a0b9d824cbf9ea82e93') in 0.132153 seconds
  Import took 0.143659 seconds .

========================================================================
Received Prepare
Registering precompiled user dll's ...
Registered in 0.003751 seconds.
Begin MonoManager ReloadAssembly
Native extension for WindowsStandalone target not found
Refreshing native plugins compatible for Editor in 1.21 ms, found 1 plugins.
Preloading 0 native plugins for Editor in 0.00 ms.
Invoked RoslynAnalysisRunner static constructor.
RoslynAnalysisRunner will not be running.
RoslynAnalysisRunner has terminated.
Mono: successfully reloaded assembly
- Completed reload, in  2.208 seconds
Platform modules already initialized, skipping
Shader 'Universal Render Pipeline/Particles/Lit': fallback shader 'Universal Render Pipeline/Particles/SimpleLit' not found
Refreshing native plugins compatible for Editor in 0.87 ms, found 1 plugins.
Preloading 0 native plugins for Editor in 0.00 ms.
Unloading 2852 Unused Serialized files (Serialized files now loaded: 0)
System memory in use before: 129.3 MB.
System memory in use after: 129.5 MB.

Unloading 8 unused Assets to reduce memory usage. Loaded Objects now: 3748.
Total: 5.870200 ms (FindLiveObjects: 0.856400 ms CreateObjectMapping: 0.206600 ms MarkObjects: 4.738900 ms  DeleteObjects: 0.061300 ms)

========================================================================
Received Import Request.
  Time since last request: 130.847954 seconds.
  path: Assets/Art/SpriteSheets/SpriteSheets/idle_sprite_sheet_canvas2res128.png
  artifactKey: Guid(20758fc1e7ddab24484c2d4f0c6d2785) Importer(815301076,1909f56bfc062723c751e8b465ee728b)
Start importing Assets/Art/SpriteSheets/SpriteSheets/idle_sprite_sheet_canvas2res128.png using Guid(20758fc1e7ddab24484c2d4f0c6d2785) Importer(815301076,1909f56bfc062723c751e8b465ee728b)  -> (artifact id: '6f0f5f44d62a7393dd1b8b93cb1917ae') in 0.140296 seconds
  Import took 0.150953 seconds .

========================================================================
Received Import Request.
  Time since last request: 4.664848 seconds.
  path: Assets/Art/SpriteSheets/SpriteSheets/idle_present_sheet.png
  artifactKey: Guid(e737b77e8dee51e459d8453e9074d183) Importer(815301076,1909f56bfc062723c751e8b465ee728b)
Start importing Assets/Art/SpriteSheets/SpriteSheets/idle_present_sheet.png using Guid(e737b77e8dee51e459d8453e9074d183) Importer(815301076,1909f56bfc062723c751e8b465ee728b)  -> (artifact id: '30f86e49669aa9b4df8d932d963d473c') in 0.069057 seconds
  Import took 0.081993 seconds .

========================================================================
Received Import Request.
  Time since last request: 7.572435 seconds.
  path: Assets/Art/SpriteSheets/SpriteSheets/idle_future_sheet.png
  artifactKey: Guid(49d9d87f469346f4f9d17d818c7e7826) Importer(815301076,1909f56bfc062723c751e8b465ee728b)
Start importing Assets/Art/SpriteSheets/SpriteSheets/idle_future_sheet.png using Guid(49d9d87f469346f4f9d17d818c7e7826) Importer(815301076,1909f56bfc062723c751e8b465ee728b)  -> (artifact id: '1013d81313c9f51ae7a2ab54861ae4ac') in 0.067714 seconds
  Import took 0.079692 seconds .

========================================================================
Received Import Request.
  Time since last request: 422.108758 seconds.
  path: Assets/Animation/bkgd color.jpg
  artifactKey: Guid(06ad418ded3f2774f8477116ac75cd0c) Importer(815301076,1909f56bfc062723c751e8b465ee728b)
Start importing Assets/Animation/bkgd color.jpg using Guid(06ad418ded3f2774f8477116ac75cd0c) Importer(815301076,1909f56bfc062723c751e8b465ee728b)  -> (artifact id: '498ef8a9b8ac94932e2ae7e89b6913fd') in 0.068543 seconds
  Import took 0.079385 seconds .

========================================================================
Received Import Request.
  Time since last request: 0.006516 seconds.
  path: Assets/Animation/bkgd color.jpg
  artifactKey: Guid(06ad418ded3f2774f8477116ac75cd0c) Importer(815301076,1909f56bfc062723c751e8b465ee728b)
Start importing Assets/Animation/bkgd color.jpg using Guid(06ad418ded3f2774f8477116ac75cd0c) Importer(815301076,1909f56bfc062723c751e8b465ee728b)  -> (artifact id: '498ef8a9b8ac94932e2ae7e89b6913fd') in 0.028988 seconds
  Import took 0.044943 seconds .

========================================================================
Received Prepare
Registering precompiled user dll's ...
Registered in 0.004154 seconds.
Begin MonoManager ReloadAssembly
Native extension for WindowsStandalone target not found
Refreshing native plugins compatible for Editor in 0.85 ms, found 1 plugins.
Preloading 0 native plugins for Editor in 0.00 ms.
Invoked RoslynAnalysisRunner static constructor.
RoslynAnalysisRunner will not be running.
RoslynAnalysisRunner has terminated.
Mono: successfully reloaded assembly
- Completed reload, in  2.096 seconds
Platform modules already initialized, skipping
Shader 'Universal Render Pipeline/Particles/Lit': fallback shader 'Universal Render Pipeline/Particles/SimpleLit' not found
Refreshing native plugins compatible for Editor in 1.18 ms, found 1 plugins.
Preloading 0 native plugins for Editor in 0.00 ms.
Unloading 2852 Unused Serialized files (Serialized files now loaded: 0)
System memory in use before: 129.3 MB.
System memory in use after: 129.5 MB.

Unloading 8 unused Assets to reduce memory usage. Loaded Objects now: 3753.
Total: 4.022000 ms (FindLiveObjects: 0.426300 ms CreateObjectMapping: 0.170600 ms MarkObjects: 3.384600 ms  DeleteObjects: 0.038400 ms)

========================================================================
Received Prepare
Registering precompiled user dll's ...
Registered in 0.003991 seconds.
Begin MonoManager ReloadAssembly
Native extension for WindowsStandalone target not found
Refreshing native plugins compatible for Editor in 1.08 ms, found 1 plugins.
Preloading 0 native plugins for Editor in 0.00 ms.
Invoked RoslynAnalysisRunner static constructor.
RoslynAnalysisRunner will not be running.
RoslynAnalysisRunner has terminated.
Mono: successfully reloaded assembly
- Completed reload, in  2.301 seconds
Platform modules already initialized, skipping
Shader 'Universal Render Pipeline/Particles/Lit': fallback shader 'Universal Render Pipeline/Particles/SimpleLit' not found
Refreshing native plugins compatible for Editor in 0.99 ms, found 1 plugins.
Preloading 0 native plugins for Editor in 0.00 ms.
Unloading 2852 Unused Serialized files (Serialized files now loaded: 0)
System memory in use before: 129.3 MB.
System memory in use after: 129.5 MB.

Unloading 8 unused Assets to reduce memory usage. Loaded Objects now: 3757.
Total: 5.235900 ms (FindLiveObjects: 0.696600 ms CreateObjectMapping: 0.280600 ms MarkObjects: 4.198100 ms  DeleteObjects: 0.058000 ms)

========================================================================
Received Prepare
Registering precompiled user dll's ...
Registered in 0.003981 seconds.
Begin MonoManager ReloadAssembly
Native extension for WindowsStandalone target not found
Refreshing native plugins compatible for Editor in 0.85 ms, found 1 plugins.
Preloading 0 native plugins for Editor in 0.00 ms.
Invoked RoslynAnalysisRunner static constructor.
RoslynAnalysisRunner will not be running.
RoslynAnalysisRunner has terminated.
Mono: successfully reloaded assembly
- Completed reload, in  2.058 seconds
Platform modules already initialized, skipping
Shader 'Universal Render Pipeline/Particles/Lit': fallback shader 'Universal Render Pipeline/Particles/SimpleLit' not found
Refreshing native plugins compatible for Editor in 1.13 ms, found 1 plugins.
Preloading 0 native plugins for Editor in 0.00 ms.
Unloading 2852 Unused Serialized files (Serialized files now loaded: 0)
System memory in use before: 129.3 MB.
System memory in use after: 129.6 MB.

Unloading 8 unused Assets to reduce memory usage. Loaded Objects now: 3761.
Total: 4.302600 ms (FindLiveObjects: 0.387800 ms CreateObjectMapping: 0.157200 ms MarkObjects: 3.695800 ms  DeleteObjects: 0.059800 ms)

========================================================================
Received Import Request.
  Time since last request: 213.896439 seconds.
  path: Assets/ScriptableObjects
  artifactKey: Guid(6b932f795ac20e946844a03e721e8bd7) Importer(815301076,1909f56bfc062723c751e8b465ee728b)
Start importing Assets/ScriptableObjects using Guid(6b932f795ac20e946844a03e721e8bd7) Importer(815301076,1909f56bfc062723c751e8b465ee728b)  -> (artifact id: '2769e215cbe548af162f674a7b52f5d5') in 0.038764 seconds
  Import took 0.051636 seconds .

========================================================================
Received Prepare
Registering precompiled user dll's ...
Registered in 0.003665 seconds.
Begin MonoManager ReloadAssembly
Native extension for WindowsStandalone target not found
Refreshing native plugins compatible for Editor in 0.94 ms, found 1 plugins.
Preloading 0 native plugins for Editor in 0.00 ms.
Invoked RoslynAnalysisRunner static constructor.
RoslynAnalysisRunner will not be running.
RoslynAnalysisRunner has terminated.
Mono: successfully reloaded assembly
- Completed reload, in  2.035 seconds
Platform modules already initialized, skipping
Shader 'Universal Render Pipeline/Particles/Lit': fallback shader 'Universal Render Pipeline/Particles/SimpleLit' not found
Refreshing native plugins compatible for Editor in 1.02 ms, found 1 plugins.
Preloading 0 native plugins for Editor in 0.00 ms.
Unloading 2852 Unused Serialized files (Serialized files now loaded: 0)
System memory in use before: 129.3 MB.
System memory in use after: 129.6 MB.

Unloading 8 unused Assets to reduce memory usage. Loaded Objects now: 3765.
Total: 3.023700 ms (FindLiveObjects: 0.330800 ms CreateObjectMapping: 0.162400 ms MarkObjects: 2.505100 ms  DeleteObjects: 0.023900 ms)

========================================================================
Received Import Request.
  Time since last request: 23.886089 seconds.
  path: Assets/ScriptableObjects/ItemScriptable
  artifactKey: Guid(7b605ea9693589d43a81b7d923ab6d82) Importer(815301076,1909f56bfc062723c751e8b465ee728b)
Start importing Assets/ScriptableObjects/ItemScriptable using Guid(7b605ea9693589d43a81b7d923ab6d82) Importer(815301076,1909f56bfc062723c751e8b465ee728b)  -> (artifact id: '582726a3b39e0e69b667de145c8c0ab8') in 0.020889 seconds
  Import took 0.029289 seconds .

========================================================================
Received Import Request.
  Time since last request: 17.070156 seconds.
  path: Assets/ScriptableObjects/ItemScriptable/ItemScriptable.cs
  artifactKey: Guid(a5ffde0c4356bf14d842b4237fc1c014) Importer(815301076,1909f56bfc062723c751e8b465ee728b)
Start importing Assets/ScriptableObjects/ItemScriptable/ItemScriptable.cs using Guid(a5ffde0c4356bf14d842b4237fc1c014) Importer(815301076,1909f56bfc062723c751e8b465ee728b)  -> (artifact id: '0a3eacc16450f1d24c03def14af94195') in 0.011267 seconds
  Import took 0.028172 seconds .

========================================================================
Received Prepare
Registering precompiled user dll's ...
Registered in 0.004781 seconds.
Begin MonoManager ReloadAssembly
Native extension for WindowsStandalone target not found
Refreshing native plugins compatible for Editor in 0.83 ms, found 1 plugins.
Preloading 0 native plugins for Editor in 0.00 ms.
Invoked RoslynAnalysisRunner static constructor.
RoslynAnalysisRunner will not be running.
RoslynAnalysisRunner has terminated.
Mono: successfully reloaded assembly
- Completed reload, in  2.097 seconds
Platform modules already initialized, skipping
Shader 'Universal Render Pipeline/Particles/Lit': fallback shader 'Universal Render Pipeline/Particles/SimpleLit' not found
Refreshing native plugins compatible for Editor in 0.86 ms, found 1 plugins.
Preloading 0 native plugins for Editor in 0.00 ms.
Unloading 2853 Unused Serialized files (Serialized files now loaded: 0)
System memory in use before: 129.4 MB.
System memory in use after: 129.6 MB.

Unloading 8 unused Assets to reduce memory usage. Loaded Objects now: 3770.
Total: 4.818400 ms (FindLiveObjects: 0.794900 ms CreateObjectMapping: 0.208700 ms MarkObjects: 3.758300 ms  DeleteObjects: 0.054800 ms)

========================================================================
Received Import Request.
  Time since last request: 39.152914 seconds.
  path: Assets/ScriptableObjects/DialogueOptions
  artifactKey: Guid(d4f8907c5e175d2469f669fca76fa50b) Importer(815301076,1909f56bfc062723c751e8b465ee728b)
Start importing Assets/ScriptableObjects/DialogueOptions using Guid(d4f8907c5e175d2469f669fca76fa50b) Importer(815301076,1909f56bfc062723c751e8b465ee728b)  -> (artifact id: 'c2c53a858e6a03afb4d30a54930aeada') in 0.032728 seconds
  Import took 0.045770 seconds .

========================================================================
Received Import Request.
  Time since last request: 0.045829 seconds.
  path: Assets/ScriptableObjects/DialogueOptions/Dialogue.asset
  artifactKey: Guid(7a3cc327259630d41836affe38fa5fd6) Importer(815301076,1909f56bfc062723c751e8b465ee728b)
Start importing Assets/ScriptableObjects/DialogueOptions/Dialogue.asset using Guid(7a3cc327259630d41836affe38fa5fd6) Importer(815301076,1909f56bfc062723c751e8b465ee728b)  -> (artifact id: 'f0c433a2150d286271365949fc40c3aa') in 0.029112 seconds
  Import took 0.039678 seconds .

========================================================================
Received Import Request.
  Time since last request: 1.020565 seconds.
  path: Assets/ScriptableObjects/DialogueOptions/DialogueOptions_SO.cs
  artifactKey: Guid(58b841ddb52a9404784a50f26f9fa748) Importer(815301076,1909f56bfc062723c751e8b465ee728b)
Start importing Assets/ScriptableObjects/DialogueOptions/DialogueOptions_SO.cs using Guid(58b841ddb52a9404784a50f26f9fa748) Importer(815301076,1909f56bfc062723c751e8b465ee728b)  -> (artifact id: 'a1aacc38a9881c98407d972d4f6cdc2c') in 0.020029 seconds
  Import took 0.035044 seconds .

========================================================================
Received Import Request.
  Time since last request: 0.003430 seconds.
  path: Assets/ScriptableObjects/DialogueOptions/DialogueOptions_SO.cs
  artifactKey: Guid(58b841ddb52a9404784a50f26f9fa748) Importer(815301076,1909f56bfc062723c751e8b465ee728b)
Start importing Assets/ScriptableObjects/DialogueOptions/DialogueOptions_SO.cs using Guid(58b841ddb52a9404784a50f26f9fa748) Importer(815301076,1909f56bfc062723c751e8b465ee728b)  -> (artifact id: 'a1aacc38a9881c98407d972d4f6cdc2c') in 0.006736 seconds
  Import took 0.019795 seconds .

========================================================================
Received Prepare
Registering precompiled user dll's ...
Registered in 0.003430 seconds.
Begin MonoManager ReloadAssembly
Native extension for WindowsStandalone target not found
Refreshing native plugins compatible for Editor in 0.84 ms, found 1 plugins.
Preloading 0 native plugins for Editor in 0.00 ms.
Invoked RoslynAnalysisRunner static constructor.
RoslynAnalysisRunner will not be running.
RoslynAnalysisRunner has terminated.
Mono: successfully reloaded assembly
- Completed reload, in  2.094 seconds
Platform modules already initialized, skipping
Shader 'Universal Render Pipeline/Particles/Lit': fallback shader 'Universal Render Pipeline/Particles/SimpleLit' not found
Refreshing native plugins compatible for Editor in 0.81 ms, found 1 plugins.
Preloading 0 native plugins for Editor in 0.00 ms.
Unloading 2853 Unused Serialized files (Serialized files now loaded: 0)
System memory in use before: 129.4 MB.
System memory in use after: 129.6 MB.

Unloading 8 unused Assets to reduce memory usage. Loaded Objects now: 3774.
Total: 4.931000 ms (FindLiveObjects: 0.778500 ms CreateObjectMapping: 0.198700 ms MarkObjects: 3.918400 ms  DeleteObjects: 0.032600 ms)

========================================================================
Received Import Request.
  Time since last request: 327.681776 seconds.
  path: Assets/ScriptableObjects/ItemScriptable/Items.cs
  artifactKey: Guid(ff1a3ca011355b6479fcb12c1db2b10c) Importer(815301076,1909f56bfc062723c751e8b465ee728b)
Start importing Assets/ScriptableObjects/ItemScriptable/Items.cs using Guid(ff1a3ca011355b6479fcb12c1db2b10c) Importer(815301076,1909f56bfc062723c751e8b465ee728b)  -> (artifact id: '76149b29cecd7c3033fc984de107f2e6') in 0.027034 seconds
  Import took 0.040083 seconds .

========================================================================
Received Prepare
Registering precompiled user dll's ...
Registered in 0.003333 seconds.
Begin MonoManager ReloadAssembly
Native extension for WindowsStandalone target not found
Refreshing native plugins compatible for Editor in 1.17 ms, found 1 plugins.
Preloading 0 native plugins for Editor in 0.00 ms.
Invoked RoslynAnalysisRunner static constructor.
RoslynAnalysisRunner will not be running.
RoslynAnalysisRunner has terminated.
Mono: successfully reloaded assembly
- Completed reload, in  2.093 seconds
Platform modules already initialized, skipping
Shader 'Universal Render Pipeline/Particles/Lit': fallback shader 'Universal Render Pipeline/Particles/SimpleLit' not found
Refreshing native plugins compatible for Editor in 0.81 ms, found 1 plugins.
Preloading 0 native plugins for Editor in 0.00 ms.
Unloading 2854 Unused Serialized files (Serialized files now loaded: 0)
System memory in use before: 129.4 MB.
System memory in use after: 129.6 MB.

Unloading 8 unused Assets to reduce memory usage. Loaded Objects now: 3779.
Total: 5.458600 ms (FindLiveObjects: 0.437800 ms CreateObjectMapping: 0.415200 ms MarkObjects: 4.572800 ms  DeleteObjects: 0.030500 ms)

========================================================================
Received Prepare
Registering precompiled user dll's ...
Registered in 0.002718 seconds.
Begin MonoManager ReloadAssembly
Native extension for WindowsStandalone target not found
Refreshing native plugins compatible for Editor in 1.18 ms, found 1 plugins.
Preloading 0 native plugins for Editor in 0.00 ms.
Invoked RoslynAnalysisRunner static constructor.
RoslynAnalysisRunner will not be running.
RoslynAnalysisRunner has terminated.
Mono: successfully reloaded assembly
- Completed reload, in  2.146 seconds
Platform modules already initialized, skipping
Shader 'Universal Render Pipeline/Particles/Lit': fallback shader 'Universal Render Pipeline/Particles/SimpleLit' not found
Refreshing native plugins compatible for Editor in 0.89 ms, found 1 plugins.
Preloading 0 native plugins for Editor in 0.00 ms.
Unloading 2854 Unused Serialized files (Serialized files now loaded: 0)
System memory in use before: 129.4 MB.
System memory in use after: 129.6 MB.

Unloading 8 unused Assets to reduce memory usage. Loaded Objects now: 3783.
Total: 4.505500 ms (FindLiveObjects: 0.529900 ms CreateObjectMapping: 0.204300 ms MarkObjects: 3.732900 ms  DeleteObjects: 0.036600 ms)

========================================================================
Received Prepare
Registering precompiled user dll's ...
Registered in 0.003378 seconds.
Begin MonoManager ReloadAssembly
Native extension for WindowsStandalone target not found
Refreshing native plugins compatible for Editor in 0.92 ms, found 1 plugins.
Preloading 0 native plugins for Editor in 0.00 ms.
Invoked RoslynAnalysisRunner static constructor.
RoslynAnalysisRunner will not be running.
RoslynAnalysisRunner has terminated.
Mono: successfully reloaded assembly
- Completed reload, in  2.365 seconds
Platform modules already initialized, skipping
Shader 'Universal Render Pipeline/Particles/Lit': fallback shader 'Universal Render Pipeline/Particles/SimpleLit' not found
Refreshing native plugins compatible for Editor in 1.00 ms, found 1 plugins.
Preloading 0 native plugins for Editor in 0.00 ms.
Unloading 2854 Unused Serialized files (Serialized files now loaded: 0)
System memory in use before: 129.4 MB.
System memory in use after: 129.7 MB.

Unloading 8 unused Assets to reduce memory usage. Loaded Objects now: 3787.
Total: 5.692500 ms (FindLiveObjects: 0.812700 ms CreateObjectMapping: 0.285500 ms MarkObjects: 4.560200 ms  DeleteObjects: 0.031900 ms)

========================================================================
Received Prepare
Registering precompiled user dll's ...
Registered in 0.003350 seconds.
Begin MonoManager ReloadAssembly
Native extension for WindowsStandalone target not found
Refreshing native plugins compatible for Editor in 1.06 ms, found 1 plugins.
Preloading 0 native plugins for Editor in 0.00 ms.
Invoked RoslynAnalysisRunner static constructor.
RoslynAnalysisRunner will not be running.
RoslynAnalysisRunner has terminated.
Mono: successfully reloaded assembly
- Completed reload, in  2.399 seconds
Platform modules already initialized, skipping
Shader 'Universal Render Pipeline/Particles/Lit': fallback shader 'Universal Render Pipeline/Particles/SimpleLit' not found
Refreshing native plugins compatible for Editor in 0.99 ms, found 1 plugins.
Preloading 0 native plugins for Editor in 0.00 ms.
Unloading 2854 Unused Serialized files (Serialized files now loaded: 0)
System memory in use before: 129.4 MB.
System memory in use after: 129.7 MB.

Unloading 8 unused Assets to reduce memory usage. Loaded Objects now: 3791.
Total: 7.692900 ms (FindLiveObjects: 1.211800 ms CreateObjectMapping: 0.457600 ms MarkObjects: 5.967400 ms  DeleteObjects: 0.052700 ms)

========================================================================
Received Prepare
Registering precompiled user dll's ...
Registered in 0.003344 seconds.
Begin MonoManager ReloadAssembly
Native extension for WindowsStandalone target not found
Refreshing native plugins compatible for Editor in 0.90 ms, found 1 plugins.
Preloading 0 native plugins for Editor in 0.00 ms.
Invoked RoslynAnalysisRunner static constructor.
RoslynAnalysisRunner will not be running.
RoslynAnalysisRunner has terminated.
Mono: successfully reloaded assembly
- Completed reload, in  2.021 seconds
Platform modules already initialized, skipping
Shader 'Universal Render Pipeline/Particles/Lit': fallback shader 'Universal Render Pipeline/Particles/SimpleLit' not found
Refreshing native plugins compatible for Editor in 1.00 ms, found 1 plugins.
Preloading 0 native plugins for Editor in 0.00 ms.
Unloading 2854 Unused Serialized files (Serialized files now loaded: 0)
System memory in use before: 129.4 MB.
System memory in use after: 129.7 MB.

Unloading 8 unused Assets to reduce memory usage. Loaded Objects now: 3795.
Total: 4.559700 ms (FindLiveObjects: 0.449300 ms CreateObjectMapping: 0.272900 ms MarkObjects: 3.785700 ms  DeleteObjects: 0.050200 ms)

